C:\Microsemi\Libero_v11.2\Synopsys\synplify_H201303MSP1-1\bin64\c_ver.exe  -osyn  C:\Users\brghena\workspace\SensEye-2\software\smartfusion\synthesis\synwork\TOPLEVEL_comp.srs  -top  TOPLEVEL  -prodtype  synplify_pro  -nram -fixsmult   -divnmod -I C:\Users\brghena\workspace\SensEye-2\software\smartfusion\synthesis\  -I C:\Microsemi\Libero_v11.2\Synopsys\synplify_H201303MSP1-1\lib  -v2001  -devicelib  C:\Microsemi\Libero_v11.2\Synopsys\synplify_H201303MSP1-1\lib\proasic\smartfusion.v  -encrypt  -pro  -dmgen  C:\Users\brghena\workspace\SensEye-2\software\smartfusion\synthesis\dm  -ll 2000   -ui -fid2 -ram -sharing on   -autosm -lib work C:\Users\brghena\workspace\SensEye-2\software\smartfusion\component\Actel\DirectCore\COREAHBTOAPB3\2.0.116\rtl\vlog\core_obfuscated\ahbtoapbsm.v -lib work C:\Users\brghena\workspace\SensEye-2\software\smartfusion\component\Actel\DirectCore\COREAHBTOAPB3\2.0.116\rtl\vlog\core_obfuscated\penablescheduler.v -lib work C:\Users\brghena\workspace\SensEye-2\software\smartfusion\component\Actel\DirectCore\COREAHBTOAPB3\2.0.116\rtl\vlog\core_obfuscated\apbaddrdata.v -lib work C:\Users\brghena\workspace\SensEye-2\software\smartfusion\component\Actel\DirectCore\COREAHBTOAPB3\2.0.116\rtl\vlog\core_obfuscated\coreahbtoapb3.v -lib work C:\Users\brghena\workspace\SensEye-2\software\smartfusion\hdl\heartbeat.v -lib work C:\Users\brghena\workspace\SensEye-2\software\smartfusion\hdl\adc_controller.v -lib work C:\Users\brghena\workspace\SensEye-2\software\smartfusion\hdl\stonyman_controller.v -lib work C:\Users\brghena\workspace\SensEye-2\software\smartfusion\hdl\framemask.v -lib work C:\Users\brghena\workspace\SensEye-2\software\smartfusion\hdl\fifo_pixel_data.v -lib work C:\Users\brghena\workspace\SensEye-2\software\smartfusion\hdl\imager_apb_interface.v -lib work C:\Users\brghena\workspace\SensEye-2\software\smartfusion\hdl\imager.v -lib work C:\Users\brghena\workspace\SensEye-2\software\smartfusion\component\work\MSS_CORE3_MSS\mss_tshell.v -lib work C:\Users\brghena\workspace\SensEye-2\software\smartfusion\component\Actel\SmartFusionMSS\MSS\2.5.106\mss_comps.v -lib work C:\Users\brghena\workspace\SensEye-2\software\smartfusion\component\work\MSS_CORE3_MSS\MSS_CCC_0\MSS_CORE3_MSS_tmp_MSS_CCC_0_MSS_CCC.v -lib work C:\Users\brghena\workspace\SensEye-2\software\smartfusion\component\work\MSS_CORE3_MSS\MSS_CORE3_MSS.v -lib work C:\Users\brghena\workspace\SensEye-2\software\smartfusion\hdl\ahb.v -lib work C:\Users\brghena\workspace\SensEye-2\software\smartfusion\hdl\cr_int.v -lib work C:\Users\brghena\workspace\SensEye-2\software\smartfusion\hdl\psram_cr.v -lib COREAHBLITE_LIB C:\Users\brghena\workspace\SensEye-2\software\smartfusion\component\Actel\DirectCore\CoreAHBLite\3.1.102\rtl\vlog\core_obfuscated\coreahblite_addrdec.v -lib COREAHBLITE_LIB C:\Users\brghena\workspace\SensEye-2\software\smartfusion\component\Actel\DirectCore\CoreAHBLite\3.1.102\rtl\vlog\core_obfuscated\coreahblite_defaultslavesm.v -lib COREAHBLITE_LIB C:\Users\brghena\workspace\SensEye-2\software\smartfusion\component\Actel\DirectCore\CoreAHBLite\3.1.102\rtl\vlog\core_obfuscated\coreahblite_masterstage.v -lib COREAHBLITE_LIB C:\Users\brghena\workspace\SensEye-2\software\smartfusion\component\Actel\DirectCore\CoreAHBLite\3.1.102\rtl\vlog\core_obfuscated\coreahblite_slavearbiter.v -lib COREAHBLITE_LIB C:\Users\brghena\workspace\SensEye-2\software\smartfusion\component\Actel\DirectCore\CoreAHBLite\3.1.102\rtl\vlog\core_obfuscated\coreahblite_slavestage.v -lib COREAHBLITE_LIB C:\Users\brghena\workspace\SensEye-2\software\smartfusion\component\Actel\DirectCore\CoreAHBLite\3.1.102\rtl\vlog\core_obfuscated\coreahblite_initcfg_awrap.v -lib COREAHBLITE_LIB C:\Users\brghena\workspace\SensEye-2\software\smartfusion\component\Actel\DirectCore\CoreAHBLite\3.1.102\rtl\vlog\core_obfuscated\coreahblite_initcfg.v -lib COREAHBLITE_LIB C:\Users\brghena\workspace\SensEye-2\software\smartfusion\component\Actel\DirectCore\CoreAHBLite\3.1.102\rtl\vlog\core_obfuscated\coreahblite_matrix2x16.v -lib COREAHBLITE_LIB C:\Users\brghena\workspace\SensEye-2\software\smartfusion\component\Actel\DirectCore\CoreAHBLite\3.1.102\rtl\vlog\core_obfuscated\coreahblite.v -lib COREAPB3_LIB C:\Users\brghena\workspace\SensEye-2\software\smartfusion\component\Actel\DirectCore\CoreAPB3\3.0.103\rtl\vlog\core_obfuscated\coreapb3_muxptob3.v -lib COREAPB3_LIB C:\Users\brghena\workspace\SensEye-2\software\smartfusion\component\Actel\DirectCore\CoreAPB3\3.0.103\rtl\vlog\core_obfuscated\coreapb3.v -lib work C:\Users\brghena\workspace\SensEye-2\software\smartfusion\component\work\TOPLEVEL\TOPLEVEL.v -loga  C:\Users\brghena\workspace\SensEye-2\software\smartfusion\synthesis\TOPLEVEL.srr 
rc:1 success:1
C:\Users\brghena\workspace\SensEye-2\software\smartfusion\synthesis\synwork\TOPLEVEL_comp.srs|o|1391371340|236363
C:\Microsemi\Libero_v11.2\Synopsys\synplify_H201303MSP1-1\lib\proasic\smartfusion.v|i|1380557408|72817
C:\Users\brghena\workspace\SensEye-2\software\smartfusion\component\Actel\DirectCore\COREAHBTOAPB3\2.0.116\rtl\vlog\core_obfuscated\ahbtoapbsm.v|i|1391193540|5702
C:\Users\brghena\workspace\SensEye-2\software\smartfusion\component\Actel\DirectCore\COREAHBTOAPB3\2.0.116\rtl\vlog\core_obfuscated\penablescheduler.v|i|1391193540|1522
C:\Users\brghena\workspace\SensEye-2\software\smartfusion\component\Actel\DirectCore\COREAHBTOAPB3\2.0.116\rtl\vlog\core_obfuscated\apbaddrdata.v|i|1391193540|2068
C:\Users\brghena\workspace\SensEye-2\software\smartfusion\component\Actel\DirectCore\COREAHBTOAPB3\2.0.116\rtl\vlog\core_obfuscated\coreahbtoapb3.v|i|1391193540|2414
C:\Users\brghena\workspace\SensEye-2\software\smartfusion\hdl\heartbeat.v|i|1391120140|1034
C:\Users\brghena\workspace\SensEye-2\software\smartfusion\hdl\adc_controller.v|i|1391120140|6133
C:\Users\brghena\workspace\SensEye-2\software\smartfusion\hdl\stonyman_controller.v|i|1391120140|16901
C:\Users\brghena\workspace\SensEye-2\software\smartfusion\hdl\framemask.v|i|1391120140|2586
C:\Users\brghena\workspace\SensEye-2\software\smartfusion\hdl\fifo_pixel_data.v|i|1391120140|68178
C:\Users\brghena\workspace\SensEye-2\software\smartfusion\hdl\imager_apb_interface.v|i|1391120140|16464
C:\Users\brghena\workspace\SensEye-2\software\smartfusion\hdl\imager.v|i|1391120140|7473
C:\Users\brghena\workspace\SensEye-2\software\smartfusion\component\work\MSS_CORE3_MSS\mss_tshell.v|i|1391371298|12560
C:\Users\brghena\workspace\SensEye-2\software\smartfusion\component\Actel\SmartFusionMSS\MSS\2.5.106\mss_comps.v|i|1391198506|11243
C:\Users\brghena\workspace\SensEye-2\software\smartfusion\component\work\MSS_CORE3_MSS\MSS_CCC_0\MSS_CORE3_MSS_tmp_MSS_CCC_0_MSS_CCC.v|i|1391371296|2946
C:\Users\brghena\workspace\SensEye-2\software\smartfusion\component\work\MSS_CORE3_MSS\MSS_CORE3_MSS.v|i|1391371299|24929
C:\Users\brghena\workspace\SensEye-2\software\smartfusion\hdl\ahb.v|i|1391120140|5949
C:\Users\brghena\workspace\SensEye-2\software\smartfusion\hdl\cr_int.v|i|1391120140|4726
C:\Users\brghena\workspace\SensEye-2\software\smartfusion\hdl\psram_cr.v|i|1391120140|2460
C:\Users\brghena\workspace\SensEye-2\software\smartfusion\component\Actel\DirectCore\CoreAHBLite\3.1.102\rtl\vlog\core_obfuscated\coreahblite_addrdec.v|i|1391193540|7717
C:\Users\brghena\workspace\SensEye-2\software\smartfusion\component\Actel\DirectCore\CoreAHBLite\3.1.102\rtl\vlog\core_obfuscated\coreahblite_defaultslavesm.v|i|1391193540|1299
C:\Users\brghena\workspace\SensEye-2\software\smartfusion\component\Actel\DirectCore\CoreAHBLite\3.1.102\rtl\vlog\core_obfuscated\coreahblite_masterstage.v|i|1391193540|25186
C:\Users\brghena\workspace\SensEye-2\software\smartfusion\component\Actel\DirectCore\CoreAHBLite\3.1.102\rtl\vlog\core_obfuscated\coreahblite_slavearbiter.v|i|1391193540|3648
C:\Users\brghena\workspace\SensEye-2\software\smartfusion\component\Actel\DirectCore\CoreAHBLite\3.1.102\rtl\vlog\core_obfuscated\coreahblite_slavestage.v|i|1391193540|4540
C:\Users\brghena\workspace\SensEye-2\software\smartfusion\component\Actel\DirectCore\CoreAHBLite\3.1.102\rtl\vlog\core_obfuscated\coreahblite_initcfg_awrap.v|i|1391193540|4604
C:\Users\brghena\workspace\SensEye-2\software\smartfusion\component\Actel\DirectCore\CoreAHBLite\3.1.102\rtl\vlog\core_obfuscated\coreahblite_initcfg.v|i|1391193540|6699
C:\Users\brghena\workspace\SensEye-2\software\smartfusion\component\Actel\DirectCore\CoreAHBLite\3.1.102\rtl\vlog\core_obfuscated\coreahblite_matrix2x16.v|i|1391193540|116411
C:\Users\brghena\workspace\SensEye-2\software\smartfusion\component\Actel\DirectCore\CoreAHBLite\3.1.102\rtl\vlog\core_obfuscated\coreahblite.v|i|1391193540|28650
C:\Users\brghena\workspace\SensEye-2\software\smartfusion\component\Actel\DirectCore\CoreAPB3\3.0.103\rtl\vlog\core_obfuscated\coreapb3_muxptob3.v|i|1391193541|6349
C:\Users\brghena\workspace\SensEye-2\software\smartfusion\component\Actel\DirectCore\CoreAPB3\3.0.103\rtl\vlog\core_obfuscated\coreapb3.v|i|1391193541|20552
C:\Users\brghena\workspace\SensEye-2\software\smartfusion\component\work\TOPLEVEL\TOPLEVEL.v|i|1391371309|45508
C:\Users\brghena\workspace\SensEye-2\software\smartfusion\synthesis\TOPLEVEL.srr|o|1391371340|94342
C:\Microsemi\Libero_v11.2\Synopsys\synplify_H201303MSP1-1\bin64\c_ver.exe|i|1380561368|5662208
C:\Microsemi\Libero_v11.2\Synopsys\synplify_H201303MSP1-1\bin\c_ver.exe|i|1380561158|2144256
