Microsemi Libero Software
Version: 11.1.3.1
Release: v11.1 SP3

'IDE_DESIGNERVIEW_ROOTDIR' set to '\\vmware-host\Shared Folders\lab11 On My
Mac\workspace\senseye\sw\smartfusion\impl\libero\senseye\designer'
Info: The design TOPLEVEL.adb was last modified by software version 11.1.3.1.
Opened an existing Libero design TOPLEVEL.adb.

The Execute Script command succeeded ( 00:00:39 )
Design saved to file \\vmware-host\Shared Folders\lab11 On My
Mac\workspace\senseye\sw\smartfusion\impl\libero\senseye\designer\impl1\TOPLEVEL.adb.
Wrote pin report to file: \\vmware-host\Shared Folders\lab11 On My
Mac\workspace\senseye\sw\smartfusion\impl\libero\senseye\designer\impl1\TOPLEVEL_report_pin_byn\
ame.txt

The Report command succeeded ( 00:00:02 )
Wrote pin report to file: \\vmware-host\Shared Folders\lab11 On My
Mac\workspace\senseye\sw\smartfusion\impl\libero\senseye\designer\impl1\TOPLEVEL_report_pin_byn\
umber.txt

The Report command succeeded ( 00:00:00 )

The Execute Script command succeeded ( 00:00:02 )
Design closed.

