
Starting:    C:\Microsemi\Libero_v11.5\Synopsys\synplify_I201403MSP1\win64\mbin\synbatch.exe
Install:     C:\Microsemi\Libero_v11.5\Synopsys\synplify_I201403MSP1
Date:        Wed Mar 18 18:42:48 2015
Version:     I-2014.03M-SP1

Arguments:   -product synplify_pro  -licensetype synplifypro_actel -batch -log synplify.log TOPLEVEL_syn.tcl
ProductType: synplify_pro

License checkout: synplifypro_actel
License: synplifypro_actel node-locked 
Licensed Vendor: actel
License Option: actel_oem

Running in Vendor Mode


auto_infer_blackbox is not supported in current product.

log file: "C:\Users\Samuel\Dropbox\lab11\SensEye-2\software\smartfusion\synthesis\TOPLEVEL.srr"



Running TOPLEVEL_syn|synthesis


Running: Compile on TOPLEVEL_syn|synthesis


Running: Compile Process on TOPLEVEL_syn|synthesis


Running: Compile Input on TOPLEVEL_syn|synthesis

Copied C:\Users\Samuel\Dropbox\lab11\SensEye-2\software\smartfusion\synthesis\synwork\TOPLEVEL_comp.srs to C:\Users\Samuel\Dropbox\lab11\SensEye-2\software\smartfusion\synthesis\TOPLEVEL.srs


compiler Completed with warnings
Return Code: 1
Run Time:0h:00m:10s


Running: Multi-srs Generator on TOPLEVEL_syn|synthesis

Copied C:\Users\Samuel\Dropbox\lab11\SensEye-2\software\smartfusion\synthesis\synwork\TOPLEVEL_comp.srs to C:\Users\Samuel\Dropbox\lab11\SensEye-2\software\smartfusion\synthesis\synwork\TOPLEVEL_s.srs


multi_srs_gen Completed
Return Code: 0
Run Time:0h:00m:02s

Copied C:\Users\Samuel\Dropbox\lab11\SensEye-2\software\smartfusion\synthesis\synwork\TOPLEVEL_mult.srs to C:\Users\Samuel\Dropbox\lab11\SensEye-2\software\smartfusion\synthesis\TOPLEVEL.srs

Complete: Compile Process on TOPLEVEL_syn|synthesis


Running: Pre-mapping on TOPLEVEL_syn|synthesis

Copied C:\Users\Samuel\Dropbox\lab11\SensEye-2\software\smartfusion\synthesis\TOPLEVEL.sap to C:\Users\Samuel\Dropbox\lab11\SensEye-2\software\smartfusion\synthesis\synwork\TOPLEVEL_s.sap

Copied C:\Users\Samuel\Dropbox\lab11\SensEye-2\software\smartfusion\synthesis\TOPLEVEL.fse to C:\Users\Samuel\Dropbox\lab11\SensEye-2\software\smartfusion\synthesis\synwork\TOPLEVEL_s.fse


premap Completed
Return Code: 0
Run Time:0h:00m:02s

Complete: Compile on TOPLEVEL_syn|synthesis


Running: Map on TOPLEVEL_syn|synthesis


Running: Map & Optimize on TOPLEVEL_syn|synthesis

Copied C:\Users\Samuel\Dropbox\lab11\SensEye-2\software\smartfusion\synthesis\synwork\TOPLEVEL_m.srm to C:\Users\Samuel\Dropbox\lab11\SensEye-2\software\smartfusion\synthesis\TOPLEVEL.srm


fpga_mapper Completed with warnings
Return Code: 1
Run Time:0h:00m:45s

Complete: Map on TOPLEVEL_syn|synthesis

Complete: Logic Synthesis on TOPLEVEL_syn|synthesis

TCL script complete: "TOPLEVEL_syn.tcl"

exit status=0

exit status=0

License checkin: synplifypro_actel

